{"code":"ECONNRESET","level":"error","service":"user-service"}
{"code":"ECONNRESET","level":"error","service":"user-service"}
{"code":50006,"level":"error","method":"POST","rawError":{"code":50006,"message":"Cannot send an empty message"},"requestBody":{"files":[],"json":{"data":{"content":"","tts":false},"type":4}},"service":"user-service","status":400,"url":"https://discord.com/api/v10/interactions/1079330435861073963/aW50ZXJhY3Rpb246MTA3OTMzMDQzNTg2MTA3Mzk2MzpmYWs4bVgwa2ZlbkdHMmNnT2NvU0M4dWh0WkJWc01ZWlMySFFOMGQ3Q2FiUE4ycTBwUGJiRzEwSUFXVjRXdkgwTUR6cVlmTVREaEVGT0lUeUlqTEFIQTJQUWd0b1kyRkFoYWI4MzdSRWZ4STE3VGhndWZZNkJEbzhZTGxiSURteA/callback"}
{"level":"error","service":"user-service"}
{"level":"error","service":"user-service"}
{"code":"ECONNRESET","level":"error","service":"user-service"}
{"code":"ECONNRESET","level":"error","service":"user-service"}
{"code":10062,"level":"error","method":"POST","rawError":{"code":10062,"message":"Unknown interaction"},"requestBody":{"files":[],"json":{"data":{"content":"works fine, playing music !","tts":false},"type":4}},"service":"user-service","status":404,"url":"https://discord.com/api/v10/interactions/1090808502525624382/aW50ZXJhY3Rpb246MTA5MDgwODUwMjUyNTYyNDM4MjpmWGJNTVI2VUxZZ0Nxc2xqVzBYUWFldXB1Mzg3YkJFYXJHUVU4MWNoTXU0THJlVHRxN0p0T2dEV0l0c0lHSlh2YncxaVF2bGxQbGtOc0NUaWd5c2NHR1EwZ2ZWNkFTT2p3QzFPMHpFcG9YWktSc2tKNUF3clNZU0RMT0lqZEkzMg/callback"}
{"code":10062,"level":"error","method":"POST","rawError":{"code":10062,"message":"Unknown interaction"},"requestBody":{"files":[],"json":{"data":{"content":"asdasd","tts":false},"type":4}},"service":"user-service","status":404,"url":"https://discord.com/api/v10/interactions/1090813978466328586/aW50ZXJhY3Rpb246MTA5MDgxMzk3ODQ2NjMyODU4NjpRajJkTjZEZk5BNnQzcUNMbnVIcXhYRGN5bE1MUlNveE13S25wV3BRSlc5N1Y4UDBJNVR0Z0h5aWp2WVBCS3lmdnZEV3NhREdLMms1TVFSWmsycFlVbkVqV2JPbmp6SjhmUlZhMFlkUUw1ODRiRENzVlB5OWJENVhxdzRBQ0tnVA/callback"}
{"code":"InteractionAlreadyReplied","level":"error","service":"user-service"}
{"code":"InteractionAlreadyReplied","level":"error","service":"user-service"}
{"code":"InteractionAlreadyReplied","level":"error","service":"user-service"}
{"errors":[["iconURL",{"errors":[{"given":"null","name":"Error","validator":"s.nullish"},{"constraint":"s.string.url","expected":"expected to match a URL","given":"null","name":"Error"}]}]],"level":"error","service":"user-service"}
{"level":"error","service":"user-service"}
{"errors":[{"given":"null","name":"Error","validator":"s.nullish"},{"constraint":"s.string.url","expected":"expected to match a URL","given":"null","name":"Error"}],"level":"error","service":"user-service"}
{"errors":[{"given":"null","name":"Error","validator":"s.nullish"},{"constraint":"s.string.url","expected":"expected to match a URL","given":"null","name":"Error"}],"level":"error","service":"user-service"}
{"errors":[{"given":"null","name":"Error","validator":"s.nullish"},{"constraint":"s.string.url","expected":"expected to match a URL","given":"null","name":"Error"}],"level":"error","service":"user-service"}
{"errors":[{"given":"null","name":"Error","validator":"s.nullish"},{"constraint":"s.string.url","expected":"expected to match a URL","given":"null","name":"Error"}],"level":"error","service":"user-service"}
{"errors":[{"given":"null","name":"Error","validator":"s.nullish"},{"constraint":"s.string.url","expected":"expected to match a URL","given":"null","name":"Error"}],"level":"error","service":"user-service"}
{"errors":[{"given":"null","name":"Error","validator":"s.nullish"},{"constraint":"s.string.url","expected":"expected to match a URL","given":"null","name":"Error"}],"level":"error","service":"user-service"}
{"code":10062,"level":"error","method":"POST","rawError":{"code":10062,"message":"Unknown interaction"},"requestBody":{"files":[],"json":{"data":{"content":"hacking","tts":false},"type":4}},"service":"user-service","status":404,"url":"https://discord.com/api/v10/interactions/1107101809027334254/aW50ZXJhY3Rpb246MTEwNzEwMTgwOTAyNzMzNDI1NDpMc2hBS1FBa2JEMjdzRkNkTFlWQThMVk85S1lpZTdZT0p3ckZQbTZUeVkxcDVGZU5XRnlxUjkyWm9aSzl0ZlJ3Y2xaS1JnQUNIYU9nUVRBUVRlbFdEQ2pZUXBLU01raUt3QXNWUkV3YW9weldRakFwZ3QyYXlKREF4SWJudWhCZQ/callback"}
{"code":10062,"level":"error","method":"POST","rawError":{"code":10062,"message":"Unknown interaction"},"requestBody":{"files":[],"json":{"data":{"content":"bitcoin","tts":false},"type":4}},"service":"user-service","status":404,"url":"https://discord.com/api/v10/interactions/1107103120967872552/aW50ZXJhY3Rpb246MTEwNzEwMzEyMDk2Nzg3MjU1MjpSWFlaRUdpSDBVejRUcXNOdzJkNVkySld1bk8xN3NkYzR5VGpTM1R3M0FRcDF5b3BQeElPMndqOUNMVFA5ZlQ5YzhKUmRETk80Ujl3WEExYkxpdEFjWVpic1NYYjdPUHY4NHZPdm53blB1bEJmVmRpdDdsVkk3ZnNBdnpJVnBDSw/callback"}
{"code":10062,"level":"error","method":"POST","rawError":{"code":10062,"message":"Unknown interaction"},"requestBody":{"files":[],"json":{"data":{"content":"tesla","tts":false},"type":4}},"service":"user-service","status":404,"url":"https://discord.com/api/v10/interactions/1107104430832234507/aW50ZXJhY3Rpb246MTEwNzEwNDQzMDgzMjIzNDUwNzpEMjU1Sjl6NzU1cmhkZUFOY29SN1d6RW5OaFlnM1BpcTg3WDQ1RTZ5eGF2ZjgwdW91dW9takl0dUtOZGVPelJiMFRVTFR3TVAyUWdiQVBqUnpGTktNRkR5dEhDYU1pbkIzWjJyR2w0WXNtRFhPQlAyaUFISktKSnhjMGNXRE9zSg/callback"}
{"errors":[{"given":"null","name":"Error","validator":"s.nullish"},{"constraint":"s.string.url","expected":"expected to match a URL","given":"null","name":"Error"}],"level":"error","service":"user-service"}
{"errors":[{"given":"null","name":"Error","validator":"s.nullish"},{"constraint":"s.string.url","expected":"expected to match a URL","given":"null","name":"Error"}],"level":"error","service":"user-service"}
{"errors":[{"given":"null","name":"Error","validator":"s.nullish"},{"constraint":"s.string.url","expected":"expected to match a URL","given":"null","name":"Error"}],"level":"error","service":"user-service"}
{"code":10062,"level":"error","method":"POST","rawError":{"code":10062,"message":"Unknown interaction"},"requestBody":{"files":[],"json":{"data":{"content":"cars","tts":false},"type":4}},"service":"user-service","status":404,"url":"https://discord.com/api/v10/interactions/1107105944866934824/aW50ZXJhY3Rpb246MTEwNzEwNTk0NDg2NjkzNDgyNDo0WW92bldaQXpoWFJlUkdBZFlXYW9pb1lWZ3Nja3RyM3ozWTdmT0duTW8zRGRFQkJFSFo3Tk1sVm04UWY5cWRCY3RWNEx4Rk5mbmpDQkc4VG5NM0dGMU9CaHVxT3JlUXBHRTUxdGxaUTNwaE5zRjJzemRZRWJScHhpZmRXZGZmdg/callback"}
{"code":10062,"level":"error","method":"POST","rawError":{"code":10062,"message":"Unknown interaction"},"requestBody":{"files":[],"json":{"data":{"content":"nasa","tts":false},"type":4}},"service":"user-service","status":404,"url":"https://discord.com/api/v10/interactions/1107106644845920327/aW50ZXJhY3Rpb246MTEwNzEwNjY0NDg0NTkyMDMyNzpjUE94SEZQM2VvblQxMUdOWGpqQmJLalVQbGRnd2xLQVNYRHdEMENhaGhDWk5TSWdPdHJDYmdYUXpLM09mZjBOSHFWZG4xclFHVUt2UlY4WDMzWDFoVlJjejg4UkI3aDhmaHRrR1hUVkxUZUs1NWpZbURqZlBlUXBsbkd5UUlIWg/callback"}
{"errors":[{"given":"?w=1200&strip=all","name":"Error","validator":"s.nullish"},{"constraint":"s.string.url","expected":"expected to match a URL","given":"?w=1200&strip=all","name":"Error"}],"level":"error","service":"user-service"}
{"code":10062,"level":"error","method":"POST","rawError":{"code":10062,"message":"Unknown interaction"},"requestBody":{"files":[],"json":{"data":{"content":"games","tts":false},"type":4}},"service":"user-service","status":404,"url":"https://discord.com/api/v10/interactions/1107110347179048990/aW50ZXJhY3Rpb246MTEwNzExMDM0NzE3OTA0ODk5MDpLcWM4anhBcVhXVkp0VnVVRnZWbG1Rd0JWd1hkQjg1T0NjekZkejY4NWJYaGFPdjYwZzRvY2NYZUJQZTVxRGdMeW4walpkVFNodEJiSElXV2F4dTFRWk1XVGNaMkVNYmluR2RXTnA4elZsSGNCQWxtcE9CZGRjaTJEZFREejdCbQ/callback"}
